<?xml version="1.0" encoding="UTF-8"?>
<!-- Generated by org.testng.reporters.JUnitXMLReporter -->
<testsuite ignored="0" hostname="Dell-7390" failures="0" tests="4" name="Default test" time="6.721" errors="0" timestamp="2024-03-05T14:47:47 IST">
  <testcase classname="org.sam.TestNGcalculator" name="tc1" time="2.81"/>
  <testcase classname="org.sam.TestNGcalculator" name="tc2" time="1.11"/>
  <testcase classname="org.sam.TestNGcalculator" name="tc3" time="1.556"/>
  <testcase classname="org.sam.TestNGcalculator" name="tc4" time="1.201"/>
</testsuite> <!-- Default test -->
