<?xml version="1.0" encoding="UTF-8"?>
<testng-results ignored="0" total="4" passed="4" failed="0" skipped="0">
  <reporter-output>
  </reporter-output>
  <suite started-at="2024-03-05T14:47:41 IST" name="Default suite" finished-at="2024-03-05T14:47:47 IST" duration-ms="6721">
    <groups>
    </groups>
    <test started-at="2024-03-05T14:47:41 IST" name="Default test" finished-at="2024-03-05T14:47:47 IST" duration-ms="6721">
      <class name="org.sam.TestNGcalculator">
        <test-method is-config="true" signature="launchBrowser()[pri:0, instance:org.sam.TestNGcalculator@22ff4249]" started-at="2024-03-05T14:47:30 IST" name="launchBrowser" finished-at="2024-03-05T14:47:41 IST" duration-ms="10744" status="PASS">
          <reporter-output>
          </reporter-output>
        </test-method> <!-- launchBrowser -->
        <test-method signature="tc1()[pri:0, instance:org.sam.TestNGcalculator@22ff4249]" started-at="2024-03-05T14:47:41 IST" name="tc1" finished-at="2024-03-05T14:47:43 IST" duration-ms="2810" status="PASS">
          <reporter-output>
          </reporter-output>
        </test-method> <!-- tc1 -->
        <test-method signature="tc2()[pri:0, instance:org.sam.TestNGcalculator@22ff4249]" started-at="2024-03-05T14:47:43 IST" name="tc2" finished-at="2024-03-05T14:47:44 IST" duration-ms="1110" status="PASS">
          <reporter-output>
          </reporter-output>
        </test-method> <!-- tc2 -->
        <test-method signature="tc3()[pri:0, instance:org.sam.TestNGcalculator@22ff4249]" started-at="2024-03-05T14:47:44 IST" name="tc3" finished-at="2024-03-05T14:47:46 IST" duration-ms="1556" status="PASS">
          <reporter-output>
          </reporter-output>
        </test-method> <!-- tc3 -->
        <test-method signature="tc4()[pri:0, instance:org.sam.TestNGcalculator@22ff4249]" started-at="2024-03-05T14:47:46 IST" name="tc4" finished-at="2024-03-05T14:47:47 IST" duration-ms="1201" status="PASS">
          <reporter-output>
          </reporter-output>
        </test-method> <!-- tc4 -->
        <test-method is-config="true" signature="closeBrowser()[pri:0, instance:org.sam.TestNGcalculator@22ff4249]" started-at="2024-03-05T14:47:47 IST" name="closeBrowser" finished-at="2024-03-05T14:47:48 IST" duration-ms="805" status="PASS">
          <reporter-output>
          </reporter-output>
        </test-method> <!-- closeBrowser -->
      </class> <!-- org.sam.TestNGcalculator -->
    </test> <!-- Default test -->
  </suite> <!-- Default suite -->
</testng-results>
